{"/Users/yujin/Documents/_projects/sr10_p2023_peron_valty/TD3_NODE/workys/models/db.js": {"path":"/Users/yujin/Documents/_projects/sr10_p2023_peron_valty/TD3_NODE/workys/models/db.js","statementMap":{"0":{"start":{"line":1,"column":12},"end":{"line":1,"column":28}},"1":{"start":{"line":2,"column":0},"end":{"line":2,"column":27}},"2":{"start":{"line":4,"column":11},"end":{"line":9,"column":2}},"3":{"start":{"line":11,"column":0},"end":{"line":11,"column":22}}},"fnMap":{},"branchMap":{},"s":{"0":1,"1":1,"2":1,"3":1},"f":{},"b":{},"_coverageSchema":"1a1c01bbd47fc00a2c39e90264f33305004495a9","hash":"8bce913c5cf60c7206ec894f937df9229a06e4c1"}
,"/Users/yujin/Documents/_projects/sr10_p2023_peron_valty/TD3_NODE/workys/models/users.js": {"path":"/Users/yujin/Documents/_projects/sr10_p2023_peron_valty/TD3_NODE/workys/models/users.js","statementMap":{"0":{"start":{"line":1,"column":9},"end":{"line":1,"column":27}},"1":{"start":{"line":3,"column":0},"end":{"line":53,"column":1}},"2":{"start":{"line":5,"column":8},"end":{"line":5,"column":59}},"3":{"start":{"line":6,"column":8},"end":{"line":9,"column":11}},"4":{"start":{"line":7,"column":12},"end":{"line":7,"column":30}},"5":{"start":{"line":7,"column":20},"end":{"line":7,"column":30}},"6":{"start":{"line":8,"column":12},"end":{"line":8,"column":33}},"7":{"start":{"line":12,"column":8},"end":{"line":12,"column":43}},"8":{"start":{"line":13,"column":8},"end":{"line":16,"column":11}},"9":{"start":{"line":14,"column":12},"end":{"line":14,"column":30}},"10":{"start":{"line":14,"column":20},"end":{"line":14,"column":30}},"11":{"start":{"line":15,"column":12},"end":{"line":15,"column":30}},"12":{"start":{"line":19,"column":8},"end":{"line":19,"column":66}},"13":{"start":{"line":20,"column":8},"end":{"line":27,"column":11}},"14":{"start":{"line":21,"column":12},"end":{"line":21,"column":30}},"15":{"start":{"line":21,"column":20},"end":{"line":21,"column":30}},"16":{"start":{"line":22,"column":12},"end":{"line":26,"column":13}},"17":{"start":{"line":23,"column":16},"end":{"line":23,"column":31}},"18":{"start":{"line":25,"column":16},"end":{"line":25,"column":32}},"19":{"start":{"line":30,"column":8},"end":{"line":30,"column":110}},"20":{"start":{"line":31,"column":8},"end":{"line":33,"column":11}},"21":{"start":{"line":32,"column":12},"end":{"line":32,"column":30}},"22":{"start":{"line":36,"column":8},"end":{"line":36,"column":105}},"23":{"start":{"line":37,"column":8},"end":{"line":39,"column":11}},"24":{"start":{"line":38,"column":12},"end":{"line":38,"column":30}},"25":{"start":{"line":42,"column":8},"end":{"line":42,"column":63}},"26":{"start":{"line":43,"column":8},"end":{"line":45,"column":11}},"27":{"start":{"line":44,"column":12},"end":{"line":44,"column":30}},"28":{"start":{"line":48,"column":8},"end":{"line":48,"column":62}},"29":{"start":{"line":49,"column":8},"end":{"line":51,"column":11}},"30":{"start":{"line":50,"column":12},"end":{"line":50,"column":30}}},"fnMap":{"0":{"name":"(anonymous_0)","decl":{"start":{"line":4,"column":10},"end":{"line":4,"column":11}},"loc":{"start":{"line":4,"column":36},"end":{"line":10,"column":5}},"line":4},"1":{"name":"(anonymous_1)","decl":{"start":{"line":6,"column":29},"end":{"line":6,"column":30}},"loc":{"start":{"line":6,"column":52},"end":{"line":9,"column":9}},"line":6},"2":{"name":"(anonymous_2)","decl":{"start":{"line":11,"column":13},"end":{"line":11,"column":14}},"loc":{"start":{"line":11,"column":32},"end":{"line":17,"column":5}},"line":11},"3":{"name":"(anonymous_3)","decl":{"start":{"line":13,"column":22},"end":{"line":13,"column":23}},"loc":{"start":{"line":13,"column":45},"end":{"line":16,"column":9}},"line":13},"4":{"name":"(anonymous_4)","decl":{"start":{"line":18,"column":14},"end":{"line":18,"column":15}},"loc":{"start":{"line":18,"column":50},"end":{"line":28,"column":5}},"line":18},"5":{"name":"(anonymous_5)","decl":{"start":{"line":20,"column":29},"end":{"line":20,"column":30}},"loc":{"start":{"line":20,"column":52},"end":{"line":27,"column":9}},"line":20},"6":{"name":"(anonymous_6)","decl":{"start":{"line":29,"column":19},"end":{"line":29,"column":20}},"loc":{"start":{"line":29,"column":83},"end":{"line":34,"column":5}},"line":29},"7":{"name":"(anonymous_7)","decl":{"start":{"line":31,"column":69},"end":{"line":31,"column":70}},"loc":{"start":{"line":31,"column":92},"end":{"line":33,"column":9}},"line":31},"8":{"name":"(anonymous_8)","decl":{"start":{"line":35,"column":19},"end":{"line":35,"column":20}},"loc":{"start":{"line":35,"column":87},"end":{"line":40,"column":5}},"line":35},"9":{"name":"(anonymous_9)","decl":{"start":{"line":37,"column":73},"end":{"line":37,"column":74}},"loc":{"start":{"line":37,"column":96},"end":{"line":39,"column":9}},"line":37},"10":{"name":"(anonymous_10)","decl":{"start":{"line":41,"column":24},"end":{"line":41,"column":25}},"loc":{"start":{"line":41,"column":47},"end":{"line":46,"column":5}},"line":41},"11":{"name":"(anonymous_11)","decl":{"start":{"line":43,"column":38},"end":{"line":43,"column":39}},"loc":{"start":{"line":43,"column":61},"end":{"line":45,"column":9}},"line":43},"12":{"name":"(anonymous_12)","decl":{"start":{"line":47,"column":21},"end":{"line":47,"column":22}},"loc":{"start":{"line":47,"column":44},"end":{"line":52,"column":5}},"line":47},"13":{"name":"(anonymous_13)","decl":{"start":{"line":49,"column":38},"end":{"line":49,"column":39}},"loc":{"start":{"line":49,"column":61},"end":{"line":51,"column":9}},"line":49}},"branchMap":{"0":{"loc":{"start":{"line":7,"column":12},"end":{"line":7,"column":30}},"type":"if","locations":[{"start":{"line":7,"column":12},"end":{"line":7,"column":30}},{"start":{},"end":{}}],"line":7},"1":{"loc":{"start":{"line":14,"column":12},"end":{"line":14,"column":30}},"type":"if","locations":[{"start":{"line":14,"column":12},"end":{"line":14,"column":30}},{"start":{},"end":{}}],"line":14},"2":{"loc":{"start":{"line":21,"column":12},"end":{"line":21,"column":30}},"type":"if","locations":[{"start":{"line":21,"column":12},"end":{"line":21,"column":30}},{"start":{},"end":{}}],"line":21},"3":{"loc":{"start":{"line":22,"column":12},"end":{"line":26,"column":13}},"type":"if","locations":[{"start":{"line":22,"column":12},"end":{"line":26,"column":13}},{"start":{"line":24,"column":19},"end":{"line":26,"column":13}}],"line":22},"4":{"loc":{"start":{"line":22,"column":15},"end":{"line":22,"column":71}},"type":"binary-expr","locations":[{"start":{"line":22,"column":15},"end":{"line":22,"column":35}},{"start":{"line":22,"column":39},"end":{"line":22,"column":71}}],"line":22}},"s":{"0":1,"1":1,"2":1,"3":1,"4":0,"5":0,"6":0,"7":0,"8":0,"9":0,"10":0,"11":0,"12":0,"13":0,"14":0,"15":0,"16":0,"17":0,"18":0,"19":0,"20":0,"21":0,"22":0,"23":0,"24":0,"25":0,"26":0,"27":0,"28":0,"29":0,"30":0},"f":{"0":1,"1":0,"2":0,"3":0,"4":0,"5":0,"6":0,"7":0,"8":0,"9":0,"10":0,"11":0,"12":0,"13":0},"b":{"0":[0,0],"1":[0,0],"2":[0,0],"3":[0,0],"4":[0,0]},"_coverageSchema":"1a1c01bbd47fc00a2c39e90264f33305004495a9","hash":"e606693b3bb20929655bf88db5e6db60d572da4e"}
}
